#
# There is insufficient memory for the Java Runtime Environment to continue.
# Native memory allocation (mmap) failed to map 2097152 bytes for G1 virtual space
# Possible reasons:
#   The system is out of physical RAM or swap space
#   The process is running with CompressedOops enabled, and the Java Heap may be blocking the growth of the native heap
# Possible solutions:
#   Reduce memory load on the system
#   Increase physical memory or swap space
#   Check if swap backing store is full
#   Decrease Java heap size (-Xmx/-Xms)
#   Decrease number of Java threads
#   Decrease Java thread stack sizes (-Xss)
#   Set larger code cache with -XX:ReservedCodeCacheSize=
#   JVM is running with Unscaled Compressed Oops mode in which the Java heap is
#     placed in the first 4GB address space. The Java Heap base address is the
#     maximum limit for the native heap growth. Please use -XX:HeapBaseMinAddress
#     to set the Java Heap base and to place the Java Heap above 4GB virtual address.
# This output file may be truncated or incomplete.
#
#  Out of Memory Error (os_windows.cpp:3536), pid=12752, tid=11216
#
# JRE version:  (19.0.2+7) (build )
# Java VM: Java HotSpot(TM) 64-Bit Server VM (19.0.2+7-44, mixed mode, sharing, tiered, compressed oops, compressed class ptrs, g1 gc, windows-amd64)
# No core dump will be written. Minidumps are not enabled by default on client versions of Windows
#

---------------  S U M M A R Y ------------

Command Line: -Dfile.encoding=UTF-8 --module-path=D:\Study\Study_java\Code\LMS_PROJECT\build\classes View.SignInFrame

Host: Intel(R) Core(TM) i5-4310U CPU @ 2.00GHz, 4 cores, 7G,  Windows 10 , 64 bit Build 19041 (10.0.19041.1503)
Time: Sun Aug 13 13:15:49 2023 SE Asia Standard Time elapsed time: 0.015016 seconds (0d 0h 0m 0s)

---------------  T H R E A D  ---------------

Current thread (0x00000281d4367280):  JavaThread "Unknown thread" [_thread_in_vm, id=11216, stack(0x000000876fd00000,0x000000876fe00000)]

Stack: [0x000000876fd00000,0x000000876fe00000]
Native frames: (J=compiled Java code, j=interpreted, Vv=VM code, C=native code)
V  [jvm.dll+0x6ee21a]
V  [jvm.dll+0x85765e]
V  [jvm.dll+0x85904e]
V  [jvm.dll+0x859703]
V  [jvm.dll+0x28298f]
V  [jvm.dll+0x6eb009]
V  [jvm.dll+0x6dfbaa]
V  [jvm.dll+0x3573f6]
V  [jvm.dll+0x35ee56]
V  [jvm.dll+0x3b5448]
V  [jvm.dll+0x3b564f]
V  [jvm.dll+0x32c9ea]
V  [jvm.dll+0x32d89e]
V  [jvm.dll+0x821780]
V  [jvm.dll+0x3c2661]
V  [jvm.dll+0x801f51]
V  [jvm.dll+0x44ae8f]
V  [jvm.dll+0x44c811]
C  [jli.dll+0x5287]
C  [ucrtbase.dll+0x21bb2]
C  [KERNEL32.DLL+0x17034]
C  [ntdll.dll+0x52651]


---------------  P R O C E S S  ---------------

Threads class SMR info:
_java_thread_list=0x00007ffbfb61d048, length=0, elements={
}

Java Threads: ( => current thread )

Other Threads:
  0x00000281d43c6fd0 WorkerThread "GC Thread#0" [stack: 0x000000876fe00000,0x000000876ff00000] [id=8252]
  0x00000281d43d7e10 ConcurrentGCThread "G1 Main Marker" [stack: 0x000000876ff00000,0x0000008770000000] [id=11460]
  0x00000281d43d8fe0 WorkerThread "G1 Conc#0" [stack: 0x0000008770000000,0x0000008770100000] [id=452]

[error occurred during error reporting (printing all threads), id 0xc0000005, EXCEPTION_ACCESS_VIOLATION (0xc0000005) at pc=0x00007ffbfaddd427]

VM state: not at safepoint (not fully initialized)

VM Mutex/Monitor currently owned by a thread:  ([mutex/lock_event])
[0x00000281d4362160] Heap_lock - owner thread: 0x00000281d4367280

Heap address: 0x0000000081600000, size: 2026 MB, Compressed Oops mode: 32-bit

CDS archive(s) mapped at: [0x0000000000000000-0x0000000000000000-0x0000000000000000), size 0, SharedBaseAddress: 0x0000000800000000, ArchiveRelocationMode: 0.
Narrow klass base: 0x0000000000000000, Narrow klass shift: 0, Narrow klass range: 0x0

GC Precious Log:
 CardTable entry size: 512
 Card Set container configuration: InlinePtr #cards 5 size 8 Array Of Cards #cards 12 size 40 Howl #buckets 4 coarsen threshold 1843 Howl Bitmap #cards 512 size 80 coarsen threshold 460 Card regions per heap region 1 cards per card region 2048

Heap:
 garbage-first heap   total 0K, used 0K [0x0000000081600000, 0x0000000100000000)
  region size 1024K, 0 young (0K), 0 survivors (0K)

[error occurred during error reporting (printing heap information), id 0xc0000005, EXCEPTION_ACCESS_VIOLATION (0xc0000005) at pc=0x00007ffbfb1e6649]

GC Heap History (0 events):
No events

Dll operation events (1 events):
Event: 0.006 Loaded shared library C:\Program Files\Java\jdk-19\bin\java.dll

Deoptimization events (0 events):
No events

Classes loaded (0 events):
No events

Classes unloaded (0 events):
No events

Classes redefined (0 events):
No events

Internal exceptions (0 events):
No events

VM Operations (0 events):
No events

Events (0 events):
No events


Dynamic libraries:
0x00007ff732d70000 - 0x00007ff732d80000 	C:\Program Files\Java\jdk-19\bin\java.exe
0x00007ffc34ab0000 - 0x00007ffc34ca5000 	C:\Windows\SYSTEM32\ntdll.dll
0x00007ffc33ee0000 - 0x00007ffc33f9e000 	C:\Windows\System32\KERNEL32.DLL
0x00007ffc32450000 - 0x00007ffc32718000 	C:\Windows\System32\KERNELBASE.dll
0x00007ffc32350000 - 0x00007ffc32450000 	C:\Windows\System32\ucrtbase.dll
0x00007ffc2a1a0000 - 0x00007ffc2a1bb000 	C:\Program Files\Java\jdk-19\bin\VCRUNTIME140.dll
0x00007ffc22a00000 - 0x00007ffc22a18000 	C:\Program Files\Java\jdk-19\bin\jli.dll
0x00007ffc33db0000 - 0x00007ffc33e5e000 	C:\Windows\System32\ADVAPI32.dll
0x00007ffc34760000 - 0x00007ffc347fe000 	C:\Windows\System32\msvcrt.dll
0x00007ffc33d10000 - 0x00007ffc33dac000 	C:\Windows\System32\sechost.dll
0x00007ffc33700000 - 0x00007ffc33825000 	C:\Windows\System32\RPCRT4.dll
0x00007ffc33560000 - 0x00007ffc33700000 	C:\Windows\System32\USER32.dll
0x00007ffc211c0000 - 0x00007ffc2145a000 	C:\Windows\WinSxS\amd64_microsoft.windows.common-controls_6595b64144ccf1df_6.0.19041.1110_none_60b5254171f9507e\COMCTL32.dll
0x00007ffc321c0000 - 0x00007ffc321e2000 	C:\Windows\System32\win32u.dll
0x00007ffc32cf0000 - 0x00007ffc32d1b000 	C:\Windows\System32\GDI32.dll
0x00007ffc32770000 - 0x00007ffc3287d000 	C:\Windows\System32\gdi32full.dll
0x00007ffc32940000 - 0x00007ffc329dd000 	C:\Windows\System32\msvcp_win.dll
0x00007ffc22d70000 - 0x00007ffc22d7a000 	C:\Windows\SYSTEM32\VERSION.dll
0x00007ffc34800000 - 0x00007ffc34830000 	C:\Windows\System32\IMM32.DLL
0x00007ffc2a1c0000 - 0x00007ffc2a1cc000 	C:\Program Files\Java\jdk-19\bin\vcruntime140_1.dll
0x00007ffc13680000 - 0x00007ffc1370e000 	C:\Program Files\Java\jdk-19\bin\msvcp140.dll
0x00007ffbfaaa0000 - 0x00007ffbfb760000 	C:\Program Files\Java\jdk-19\bin\server\jvm.dll
0x00007ffc2a1d0000 - 0x00007ffc2a1d9000 	C:\Windows\SYSTEM32\WSOCK32.dll
0x00007ffc1d220000 - 0x00007ffc1d247000 	C:\Windows\SYSTEM32\WINMM.dll
0x00007ffc34a00000 - 0x00007ffc34a6b000 	C:\Windows\System32\WS2_32.dll
0x00007ffc300b0000 - 0x00007ffc300c2000 	C:\Windows\SYSTEM32\kernel.appcore.dll
0x00007ffc1de60000 - 0x00007ffc1de6a000 	C:\Program Files\Java\jdk-19\bin\jimage.dll
0x00007ffc22f80000 - 0x00007ffc23164000 	C:\Windows\SYSTEM32\DBGHELP.DLL
0x00007ffc22be0000 - 0x00007ffc22c0c000 	C:\Windows\SYSTEM32\dbgcore.DLL
0x00007ffc328b0000 - 0x00007ffc32932000 	C:\Windows\System32\bcryptPrimitives.dll
0x00007ffc2a170000 - 0x00007ffc2a196000 	C:\Program Files\Java\jdk-19\bin\java.dll

dbghelp: loaded successfully - version: 4.0.5 - missing functions: none
symbol engine: initialized successfully - sym options: 0x614 - pdb path: .;C:\Program Files\Java\jdk-19\bin;C:\Windows\SYSTEM32;C:\Windows\WinSxS\amd64_microsoft.windows.common-controls_6595b64144ccf1df_6.0.19041.1110_none_60b5254171f9507e;C:\Program Files\Java\jdk-19\bin\server

VM Arguments:
jvm_args: -Dfile.encoding=UTF-8 --module-path=D:\Study\Study_java\Code\LMS_PROJECT\build\classes 
java_command: View.SignInFrame
java_class_path (initial): C:\Users\Admin\Downloads\mysql-connector-j-8.1.0\mysql-connector-j-8.1.0.jar;D:\Study\Study_java\Addition Jar File\lib\jcalendar-1.4.jar;D:\Study\Study_java\Code\LMS_PROJECT\build\classes
Launcher Type: SUN_STANDARD

[Global flags]
     intx CICompilerCount                          = 3                                         {product} {ergonomic}
     uint ConcGCThreads                            = 1                                         {product} {ergonomic}
     uint G1ConcRefinementThreads                  = 4                                         {product} {ergonomic}
   size_t G1HeapRegionSize                         = 1048576                                   {product} {ergonomic}
    uintx GCDrainStackTargetSize                   = 64                                        {product} {ergonomic}
   size_t InitialHeapSize                          = 134217728                                 {product} {ergonomic}
   size_t MarkStackSize                            = 4194304                                   {product} {ergonomic}
   size_t MaxHeapSize                              = 2124414976                                {product} {ergonomic}
   size_t MinHeapDeltaBytes                        = 1048576                                   {product} {ergonomic}
   size_t MinHeapSize                              = 8388608                                   {product} {ergonomic}
    uintx NonNMethodCodeHeapSize                   = 5832780                                {pd product} {ergonomic}
    uintx NonProfiledCodeHeapSize                  = 122912730                              {pd product} {ergonomic}
    uintx ProfiledCodeHeapSize                     = 122912730                              {pd product} {ergonomic}
    uintx ReservedCodeCacheSize                    = 251658240                              {pd product} {ergonomic}
     bool SegmentedCodeCache                       = true                                      {product} {ergonomic}
   size_t SoftMaxHeapSize                          = 2124414976                             {manageable} {ergonomic}
     bool UseCompressedClassPointers               = true                           {product lp64_product} {ergonomic}
     bool UseCompressedOops                        = true                           {product lp64_product} {ergonomic}
     bool UseG1GC                                  = true                                      {product} {ergonomic}
     bool UseLargePagesIndividualAllocation        = false                                  {pd product} {ergonomic}

Logging:
Log output configuration:
 #0: stdout all=warning uptime,level,tags foldmultilines=false
 #1: stderr all=off uptime,level,tags foldmultilines=false

Environment Variables:
PATH=C:\Program Files\Common Files\Oracle\Java\javapath;C:\Windows\system32;C:\Windows;C:\Windows\System32\Wbem;C:\Windows\System32\WindowsPowerShell\v1.0\;C:\Windows\System32\OpenSSH\;C:\TDM-GCC-64\bin;C:\Program Files\Git\cmd;C:\Program Files\MySQL\MySQL Server 8.0\bin;C:\Program Files\MySQL\MySQL Shell 8.0\bin\;C:\Users\Admin\AppData\Local\Programs\Python\Python311\Scripts\;C:\Users\Admin\AppData\Local\Programs\Python\Python311\;C:\Users\Admin\AppData\Local\Microsoft\WindowsApps;C:\Users\Admin\AppData\Local\Programs\Microsoft VS Code\bin;C:\Users\Admin\AppData\Roaming\Python\Python311\Scripts;C:\TDM-GCC-64\bin;C:\mingw64\bin;C:\Program Files\Java\jdk-19\bin;
USERNAME=Admin
OS=Windows_NT
PROCESSOR_IDENTIFIER=Intel64 Family 6 Model 69 Stepping 1, GenuineIntel
TMP=C:\Users\Admin\AppData\Local\Temp
TEMP=C:\Users\Admin\AppData\Local\Temp



---------------  S Y S T E M  ---------------

OS:
 Windows 10 , 64 bit Build 19041 (10.0.19041.1503)
OS uptime: 3 days 17:52 hours

CPU: total 4 (initial active 4) (2 cores per cpu, 2 threads per core) family 6 model 69 stepping 1 microcode 0x25, cx8, cmov, fxsr, ht, mmx, sse, sse2, sse3, ssse3, sse4.1, sse4.2, popcnt, lzcnt, tsc, tscinvbit, avx, avx2, aes, erms, clmul, bmi1, bmi2, fma, vzeroupper, clflush, rdtscp

Memory: 4k page, system-wide physical 8097M (1272M free)
TotalPageFile size 17308M (AvailPageFile size 5M)
current process WorkingSet (physical memory assigned to process): 10M, peak: 10M
current process commit charge ("private bytes"): 182M, peak: 184M

vm_info: Java HotSpot(TM) 64-Bit Server VM (19.0.2+7-44) for windows-amd64 JRE (19.0.2+7-44), built on 2022-11-30T18:02:09Z by "mach5one" with MS VC++ 17.1 (VS2022)

END.
